GAS LISTING end.s 			page 1


   1              	# 1 "end.S"
   2              	# 1 "<built-in>"
   1              	# Это конец, подумал Штирлиц
   0              	
   0              	
   2              	
   3              	.code16
   4              	
   5              	.text
   6              	
   7              	.global Buff
   8              	.global FATaddr
   9              	
  10              	Buff:	.byte	# buffer for 1 cluster
  11              	
  12              	FATaddr	=	Buff+512*1	# buffer for FAT
  13              					# в данном случае размер FAT - 9 секторов
GAS LISTING end.s 			page 2


DEFINED SYMBOLS
                            *ABS*:00000000 end.S
                            *ABS*:00000000 <command line>
                            *ABS*:00000000 <built-in>
                            *ABS*:00000000 end.S
               end.S:10     .text:00000000 Buff
                            .text:00000200 FATaddr

NO UNDEFINED SYMBOLS
